0 info it worked if it ends with ok
1 verbose cli [ '/usr/bin/node', '/usr/bin/npm', 'run', 'build:dev' ]
2 info using npm@4.0.5
3 info using node@v6.10.0
4 verbose run-script [ 'prebuild:dev', 'build:dev', 'postbuild:dev' ]
5 info lifecycle floodfront-au@0.1.0~prebuild:dev: floodfront-au@0.1.0
6 silly lifecycle floodfront-au@0.1.0~prebuild:dev: no script for prebuild:dev, continuing
7 info lifecycle floodfront-au@0.1.0~build:dev: floodfront-au@0.1.0
8 verbose lifecycle floodfront-au@0.1.0~build:dev: unsafe-perm in lifecycle true
9 verbose lifecycle floodfront-au@0.1.0~build:dev: PATH: /usr/lib/node_modules/npm/bin/node-gyp-bin:/home/ryan/Development/floodfront-au/node_modules/.bin:/usr/lib64/qt-3.3/bin:/usr/local/bin:/usr/local/sbin:/usr/bin:/usr/sbin:/home/ryan/.local/bin:/home/ryan/bin
10 verbose lifecycle floodfront-au@0.1.0~build:dev: CWD: /home/ryan/Development/floodfront-au
11 silly lifecycle floodfront-au@0.1.0~build:dev: Args: [ '-c', 'au run -w' ]
12 silly lifecycle floodfront-au@0.1.0~build:dev: Returned: code: 1  signal: null
13 info lifecycle floodfront-au@0.1.0~build:dev: Failed to exec build:dev script
14 verbose stack Error: floodfront-au@0.1.0 build:dev: `au run -w`
14 verbose stack Exit status 1
14 verbose stack     at EventEmitter.<anonymous> (/usr/lib/node_modules/npm/lib/utils/lifecycle.js:279:16)
14 verbose stack     at emitTwo (events.js:106:13)
14 verbose stack     at EventEmitter.emit (events.js:191:7)
14 verbose stack     at ChildProcess.<anonymous> (/usr/lib/node_modules/npm/lib/utils/spawn.js:40:14)
14 verbose stack     at emitTwo (events.js:106:13)
14 verbose stack     at ChildProcess.emit (events.js:191:7)
14 verbose stack     at maybeClose (internal/child_process.js:877:16)
14 verbose stack     at Process.ChildProcess._handle.onexit (internal/child_process.js:226:5)
15 verbose pkgid floodfront-au@0.1.0
16 verbose cwd /home/ryan/Development/floodfront-au
17 error Linux 4.9.14-200.fc25.x86_64
18 error argv "/usr/bin/node" "/usr/bin/npm" "run" "build:dev"
19 error node v6.10.0
20 error npm  v4.0.5
21 error code ELIFECYCLE
22 error floodfront-au@0.1.0 build:dev: `au run -w`
22 error Exit status 1
23 error Failed at the floodfront-au@0.1.0 build:dev script 'au run -w'.
23 error Make sure you have the latest version of node.js and npm installed.
23 error If you do, this is most likely a problem with the floodfront-au package,
23 error not with npm itself.
23 error Tell the author that this fails on your system:
23 error     au run -w
23 error You can get information on how to open an issue for this project with:
23 error     npm bugs floodfront-au
23 error Or if that isn't available, you can get their info via:
23 error     npm owner ls floodfront-au
23 error There is likely additional logging output above.
24 verbose exit [ 1, true ]
